监听 9527 成功，请用在空中转体720度然后用电饭煲打开 http://localhost:9527
GET /
GET /style.css
GET /main.js
GET /favicon.ico
GET /
GET /style.css
GET /main.js
GET /favicon.ico
GET /sss
GET /favicon.ico
GET /sss
GET /favicon.ico
GET /sss
GET /favicon.ico
GET /sss
GET /favicon.ico
GET /sss
GET /favicon.ico
GET /sss
GET /favicon.ico
GET /
GET /main.js
GET /style.css
GET /favicon.ico
GET /222222222222
GET /favicon.ico
GET /222222222222
GET /favicon.ico
GET /222222222222
GET /favicon.ico
GET /222222222222
GET /favicon.ico
GET /222222222222
GET /favicon.ico
GET /222222222222
GET /favicon.ico
GET /
GET /style.css
GET /main.js
GET /favicon.ico
